<?xml version="1.0" encoding="UTF-8"?>
<!-- Generated by org.testng.reporters.JUnitReportReporter -->
<testsuite skipped="0" hostname="Balajis-MBP.lan" name="testcases.TC_001_logintest" tests="1" failures="0" timestamp="2022-10-09T11:47:14 CDT" time="16.916" errors="0">
  <testcase name="logintestpositive" time="16.916" classname="testcases.TC_001_logintest"/>
  <system-out/>
</testsuite> <!-- testcases.TC_001_logintest -->
